
PLAN_TABLE_OUTPUT                                                                                                                                                                                       
--------------------------------------------------------------------------------------------------------------------------------------------------------------------------------------------------------
Plan hash value: 1754930671
 
-----------------------------------------------------------------------------------
| Id  | Operation          | Name         | Rows  | Bytes | Cost (%CPU)| Time     |
-----------------------------------------------------------------------------------
|   0 | SELECT STATEMENT   |              |    50 |  1000 |     4  (25)| 00:00:01 |
|   1 |  HASH GROUP BY     |              |    50 |  1000 |     4  (25)| 00:00:01 |
|   2 |   TABLE ACCESS FULL| FACT_TXN_OLD |    50 |  1000 |     3   (0)| 00:00:01 |
-----------------------------------------------------------------------------------

9 rows selected. 

Elapsed: 00:00:00.026
