
PLAN_TABLE_OUTPUT                                                                                                                                                                                       
--------------------------------------------------------------------------------------------------------------------------------------------------------------------------------------------------------
Plan hash value: 3036950278
 
-------------------------------------------------------------------------------------------------
| Id  | Operation            | Name     | Rows  | Bytes | Cost (%CPU)| Time     | Pstart| Pstop |
-------------------------------------------------------------------------------------------------
|   0 | SELECT STATEMENT     |          |    50 |  1000 |   121   (1)| 00:00:01 |       |       |
|   1 |  HASH GROUP BY       |          |    50 |  1000 |   121   (1)| 00:00:01 |       |       |
|   2 |   PARTITION RANGE ALL|          |    50 |  1000 |   120   (0)| 00:00:01 |     1 |1048575|
|   3 |    TABLE ACCESS FULL | FACT_TXN |    50 |  1000 |   120   (0)| 00:00:01 |     1 |1048575|
-------------------------------------------------------------------------------------------------

10 rows selected. 

Elapsed: 00:00:00.028
